Using pre-set license
Built from '2020.3/staging' branch; Version is '2020.3.5f1 (8095aa901b9b) revision 8426922'; Using compiler version '192528614'; Build Type 'Release'
OS: 'Windows 10 Home; OS build 19042.1052; Version 2009; 64bit' Language: 'ja' Physical Memory: 16177 MB
BatchMode: 1, IsHumanControllingUs: 0, StartBugReporterOnCrash: 0, Is64bit: 1, IsPro: 0

 COMMAND LINE ARGUMENTS:
C:\Program Files\Unity\Hub\Editor\2020.3.5f1\Editor\Unity.exe
-adb2
-batchMode
-noUpm
-name
AssetImportWorker0
-projectPath
C:/Users/sabak/OneDrive/ドキュメント/GitHub/Calendar-Project
-logFile
Logs/AssetImportWorker0.log
-srvPort
59965
Successfully changed project path to: C:/Users/sabak/OneDrive/ドキュメント/GitHub/Calendar-Project
C:/Users/sabak/OneDrive/ドキュメント/GitHub/Calendar-Project
Using Asset Import Pipeline V2.
Refreshing native plugins compatible for Editor in 23.08 ms, found 0 plugins.
Preloading 0 native plugins for Editor in 0.00 ms.
Initialize engine version: 2020.3.5f1 (8095aa901b9b)
[Subsystems] Discovering subsystems at path C:/Program Files/Unity/Hub/Editor/2020.3.5f1/Editor/Data/Resources/UnitySubsystems
[Subsystems] Discovering subsystems at path C:/Users/sabak/OneDrive/ドキュメント/GitHub/Calendar-Project/Assets
GfxDevice: creating device client; threaded=0
Direct3D:
    Version:  Direct3D 11.0 [level 11.1]
    Renderer: NVIDIA GeForce GTX 1060 with Max-Q Design (ID=0x1c20)
    Vendor:   
    VRAM:     6052 MB
    Driver:   27.21.14.5771
Initialize mono
Mono path[0] = 'C:/Program Files/Unity/Hub/Editor/2020.3.5f1/Editor/Data/Managed'
Mono path[1] = 'C:/Program Files/Unity/Hub/Editor/2020.3.5f1/Editor/Data/MonoBleedingEdge/lib/mono/unityjit'
Mono config path = 'C:/Program Files/Unity/Hub/Editor/2020.3.5f1/Editor/Data/MonoBleedingEdge/etc'
Using monoOptions --debugger-agent=transport=dt_socket,embedding=1,server=y,suspend=n,address=127.0.0.1:56080
Begin MonoManager ReloadAssembly
Registering precompiled unity dll's ...
Register platform support module: C:/Program Files/Unity/Hub/Editor/2020.3.5f1/Editor/Data/PlaybackEngines/WindowsStandaloneSupport/UnityEditor.WindowsStandalone.Extensions.dll
Registered in 0.001851 seconds.
Native extension for WindowsStandalone target not found
Refreshing native plugins compatible for Editor in 20.96 ms, found 0 plugins.
Preloading 0 native plugins for Editor in 0.00 ms.
Mono: successfully reloaded assembly
- Completed reload, in  1.556 seconds
Platform modules already initialized, skipping
Registering precompiled user dll's ...
Registered in 0.000634 seconds.
Begin MonoManager ReloadAssembly
Native extension for WindowsStandalone target not found
Refreshing native plugins compatible for Editor in 0.19 ms, found 0 plugins.
Preloading 0 native plugins for Editor in 0.00 ms.
Mono: successfully reloaded assembly
- Completed reload, in  0.737 seconds
Platform modules already initialized, skipping
========================================================================
Worker process is ready to serve import requests
Launched and connected shader compiler UnityShaderCompiler.exe after 0.04 seconds
Refreshing native plugins compatible for Editor in 0.18 ms, found 0 plugins.
Preloading 0 native plugins for Editor in 0.00 ms.
Unloading 1127 Unused Serialized files (Serialized files now loaded: 0)
System memory in use before: 61.8 MB.
System memory in use after: 61.8 MB.

Unloading 9 unused Assets to reduce memory usage. Loaded Objects now: 1571.
Total: 1.708800 ms (FindLiveObjects: 0.157500 ms CreateObjectMapping: 0.051800 ms MarkObjects: 1.436300 ms  DeleteObjects: 0.062200 ms)

========================================================================
Received Import Request.
  path: Assets/Scenes/Profile.unity
  artifactKey: Guid(5be64559f6872884791370435190b215) Importer(815301076,1909f56bfc062723c751e8b465ee728b)
Start importing Assets/Scenes/Profile.unity using Guid(5be64559f6872884791370435190b215) Importer(815301076,1909f56bfc062723c751e8b465ee728b)  -> (artifact id: 'bb9a8adbe08767cd0dc101c67e69c44c') in 0.014775 seconds
  Import took 0.016486 seconds .

AssetImportWorkerClient::OnTransportError - code=2 error=End of file
